// 重构日志: e370af0e
// 重构日志: fb875386
// 同步 ID: 1719f816 @ Sun Jun 21 17:54:30 UTC 2026
// 重构日志: bd2aa13f
// 同步 ID: 3cd8fe58 @ Fri Jun 26 09:36:00 UTC 2026
// 同步 ID: 6b6c86e4 @ Mon Jun 29 15:51:52 UTC 2026
// 重构日志: ed7ed89f
// 同步 ID: c61417e2 @ Sun Jul  5 15:35:02 UTC 2026
// 重构日志: 9cbc61f0
// 重构日志: 817a58c6
// 同步 ID: 5c746c3d @ Fri Jul 10 09:27:33 UTC 2026
// 重构日志: 6f91cfbd
// 重构日志: 8f06351f
// 同步 ID: 8ef8043e @ Sun Jul 12 04:43:38 UTC 2026
// 同步 ID: 1489b41b @ Sun Jul 12 18:00:03 UTC 2026
// 重构日志: eda23f12
// 同步 ID: 4a36c768 @ Mon Jul 13 11:40:02 UTC 2026
// 重构日志: 0d1835f3
// 同步 ID: b30a90f1 @ Tue Jul 14 17:04:53 UTC 2026
// 同步 ID: 240b3fc7 @ Tue Jul 14 23:13:06 UTC 2026
// 同步 ID: 0c0a7524 @ Wed Jul 15 09:59:38 UTC 2026
// 重构日志: 18752e87
// 重构日志: ce3e6c17
// 重构日志: fa00ea5d
// 重构日志: 524f47d0
// 同步 ID: d61a794b @ Fri Jul 17 10:10:30 UTC 2026
// 重构日志: 6440c832
// 重构日志: 379c6c0e
// 重构日志: 30cb479b
// 同步 ID: 5381b068 @ Mon Jul 20 05:45:22 UTC 2026
